<?xml version="1.0" encoding="UTF-8" ?>
<testsuite failures="0" time="0.002" errors="0" skipped="1" tests="1" name="com.brouwersystems.control.StoreFacadeIT">
  <properties>
    <property name="java.vendor" value="Oracle Corporation"/>
    <property name="com.sun.aas.imqBin" value="/Applications/NetBeans/glassfish-4.0/mq/bin"/>
    <property name="localRepository" value="/Users/tonybrouwer/.m2/repository"/>
    <property name="sun.java.launcher" value="SUN_STANDARD"/>
    <property name="catalina.base" value="/var/folders/s4/q52_84650v15c2xcfw5827yh0000gn/T/gfembed8550612494747428257tmp"/>
    <property name="sun.management.compiler" value="HotSpot 64-Bit Tiered Compilers"/>
    <property name="eclipselink.security.usedoprivileged" value="true"/>
    <property name="catalina.useNaming" value="false"/>
    <property name="os.name" value="Mac OS X"/>
    <property name="sun.boot.class.path" value="/Library/Java/JavaVirtualMachines/jdk1.7.0_40.jdk/Contents/Home/jre/lib/resources.jar:/Library/Java/JavaVirtualMachines/jdk1.7.0_40.jdk/Contents/Home/jre/lib/rt.jar:/Library/Java/JavaVirtualMachines/jdk1.7.0_40.jdk/Contents/Home/jre/lib/sunrsasign.jar:/Library/Java/JavaVirtualMachines/jdk1.7.0_40.jdk/Contents/Home/jre/lib/jsse.jar:/Library/Java/JavaVirtualMachines/jdk1.7.0_40.jdk/Contents/Home/jre/lib/jce.jar:/Library/Java/JavaVirtualMachines/jdk1.7.0_40.jdk/Contents/Home/jre/lib/charsets.jar:/Library/Java/JavaVirtualMachines/jdk1.7.0_40.jdk/Contents/Home/jre/lib/jfr.jar:/Library/Java/JavaVirtualMachines/jdk1.7.0_40.jdk/Contents/Home/jre/lib/JObjC.jar:/Library/Java/JavaVirtualMachines/jdk1.7.0_40.jdk/Contents/Home/jre/classes"/>
    <property name="javax.security.jacc.PolicyConfigurationFactory.provider" value="com.sun.enterprise.security.jacc.provider.SimplePolicyConfigurationFactory"/>
    <property name="user.country.format" value="CA"/>
    <property name="java.vm.specification.vendor" value="Oracle Corporation"/>
    <property name="java.runtime.version" value="1.7.0_40-b43"/>
    <property name="javax.net.ssl.keyStore" value="/var/folders/s4/q52_84650v15c2xcfw5827yh0000gn/T/gfembed8550612494747428257tmp/config/keystore.jks"/>
    <property name="user.name" value="tonybrouwer"/>
    <property name="com.sun.aas.agentRoot" value="/Applications/NetBeans/glassfish-4.0/glassfish/nodes"/>
    <property name="user.language" value="en"/>
    <property name="sun.boot.library.path" value="/Library/Java/JavaVirtualMachines/jdk1.7.0_40.jdk/Contents/Home/jre/lib"/>
    <property name="com.sun.aas.javaRoot" value="/Library/Java/JavaVirtualMachines/jdk1.7.0_40.jdk/Contents/Home/jre"/>
    <property name="maven.surefire.debug" value=""/>
    <property name="java.version" value="1.7.0_40"/>
    <property name="com.sun.aas.instanceRootURI" value="file:/var/folders/s4/q52_84650v15c2xcfw5827yh0000gn/T/gfembed8550612494747428257tmp/"/>
    <property name="user.timezone" value="America/Toronto"/>
    <property name="sun.arch.data.model" value="64"/>
    <property name="javax.rmi.CORBA.UtilClass" value="com.sun.corba.ee.impl.javax.rmi.CORBA.Util"/>
    <property name="http.nonProxyHosts" value="local|*.local|169.254/16|*.169.254/16"/>
    <property name="java.endorsed.dirs" value="/Library/Java/JavaVirtualMachines/jdk1.7.0_40.jdk/Contents/Home/jre/lib/endorsed"/>
    <property name="com.sun.aas.installRoot" value="/Applications/NetBeans/glassfish-4.0/glassfish"/>
    <property name="sun.cpu.isalist" value=""/>
    <property name="sun.jnu.encoding" value="UTF-8"/>
    <property name="file.encoding.pkg" value="sun.io"/>
    <property name="embeddeddb.folder" value="/tmp/dailysalesdb"/>
    <property name="file.separator" value="/"/>
    <property name="java.specification.name" value="Java Platform API Specification"/>
    <property name="java.class.version" value="51.0"/>
    <property name="user.country" value="US"/>
    <property name="java.home" value="/Library/Java/JavaVirtualMachines/jdk1.7.0_40.jdk/Contents/Home/jre"/>
    <property name="java.vm.info" value="mixed mode"/>
    <property name="os.version" value="10.9.1"/>
    <property name="com.sun.aas.productRoot" value="/Applications/NetBeans/glassfish-4.0"/>
    <property name="surefire.real.class.path" value="/Users/tonybrouwer/dev/html5/dailysales/target/surefire/surefirebooter6532042547611593264.jar"/>
    <property name="sun.font.fontmanager" value="sun.font.CFontManager"/>
    <property name="org.omg.CORBA.ORBSingletonClass" value="com.sun.corba.ee.impl.orb.ORBSingleton"/>
    <property name="com.sun.aas.installRootURI" value="file:/Applications/NetBeans/glassfish-4.0/glassfish/"/>
    <property name="path.separator" value=":"/>
    <property name="java.vm.version" value="24.0-b56"/>
    <property name="maven.ext.class.path" value="/Applications/NetBeans/NetBeans 7.4.app/Contents/Resources/NetBeans/java/maven-nblib/netbeans-eventspy.jar"/>
    <property name="java.awt.printerjob" value="sun.lwawt.macosx.CPrinterJob"/>
    <property name="sun.io.unicode.encoding" value="UnicodeBig"/>
    <property name="com.sun.aas.hostName" value="Tonys-MacBook-Air.local"/>
    <property name="skipIntegrationTests" value="false"/>
    <property name="awt.toolkit" value="sun.lwawt.macosx.LWCToolkit"/>
    <property name="socksNonProxyHosts" value="local|*.local|169.254/16|*.169.254/16"/>
    <property name="ftp.nonProxyHosts" value="local|*.local|169.254/16|*.169.254/16"/>
    <property name="user.home" value="/Users/tonybrouwer"/>
    <property name="com.sun.aas.instanceName" value="server"/>
    <property name="com.sun.aas.derbyRoot" value="/Applications/NetBeans/glassfish-4.0/javadb"/>
    <property name="com.sun.aas.configRoot" value="/Applications/NetBeans/glassfish-4.0/glassfish/config"/>
    <property name="java.specification.vendor" value="Oracle Corporation"/>
    <property name="java.library.path" value="/Applications/NetBeans/NetBeans 7.4.app/Contents/Resources/NetBeans/webcommon/bin::/Users/tonybrouwer/Library/Java/Extensions:/Library/Java/Extensions:/Network/Library/Java/Extensions:/System/Library/Java/Extensions:/usr/lib/java:."/>
    <property name="java.vendor.url" value="http://java.oracle.com/"/>
    <property name="javax.rmi.CORBA.StubClass" value="com.sun.corba.ee.impl.javax.rmi.CORBA.StubDelegateImpl"/>
    <property name="java.vm.vendor" value="Oracle Corporation"/>
    <property name="gopherProxySet" value="false"/>
    <property name="java.runtime.name" value="Java(TM) SE Runtime Environment"/>
    <property name="sun.java.command" value="/Users/tonybrouwer/dev/html5/dailysales/target/surefire/surefirebooter6532042547611593264.jar /Users/tonybrouwer/dev/html5/dailysales/target/surefire/surefire1783503547397467630tmp /Users/tonybrouwer/dev/html5/dailysales/target/surefire/surefire3011068422541453069tmp"/>
    <property name="java.class.path" value="/Users/tonybrouwer/dev/html5/dailysales/target/test-classes:/Users/tonybrouwer/dev/html5/dailysales/target/classes:/Applications/NetBeans/glassfish-4.0/glassfish/lib/embedded/glassfish-embedded-static-shell.jar:/Users/tonybrouwer/.m2/repository/org/slf4j/slf4j-api/1.6.4/slf4j-api-1.6.4.jar:/Users/tonybrouwer/.m2/repository/ch/qos/logback/logback-classic/1.0.1/logback-classic-1.0.1.jar:/Users/tonybrouwer/.m2/repository/ch/qos/logback/logback-core/1.0.1/logback-core-1.0.1.jar:/Users/tonybrouwer/.m2/repository/org/primefaces/primefaces/3.5/primefaces-3.5.jar:/Users/tonybrouwer/.m2/repository/commons-fileupload/commons-fileupload/1.3/commons-fileupload-1.3.jar:/Users/tonybrouwer/.m2/repository/commons-io/commons-io/2.2/commons-io-2.2.jar:/Users/tonybrouwer/.m2/repository/org/eclipse/persistence/eclipselink/2.5.0-SNAPSHOT/eclipselink-2.5.0-SNAPSHOT.jar:/Users/tonybrouwer/.m2/repository/org/eclipse/persistence/javax.persistence/2.1.0-SNAPSHOT/javax.persistence-2.1.0-SNAPSHOT.jar:/Users/tonybrouwer/.m2/repository/org/eclipse/persistence/commonj.sdo/2.1.1/commonj.sdo-2.1.1.jar:/Users/tonybrouwer/.m2/repository/org/eclipse/persistence/org.eclipse.persistence.jpa.modelgen.processor/2.5.0-SNAPSHOT/org.eclipse.persistence.jpa.modelgen.processor-2.5.0-SNAPSHOT.jar:/Users/tonybrouwer/.m2/repository/org/eclipse/persistence/org.eclipse.persistence.core/2.5.0-SNAPSHOT/org.eclipse.persistence.core-2.5.0-SNAPSHOT.jar:/Users/tonybrouwer/.m2/repository/org/eclipse/persistence/org.eclipse.persistence.asm/2.5.0-SNAPSHOT/org.eclipse.persistence.asm-2.5.0-SNAPSHOT.jar:/Users/tonybrouwer/.m2/repository/org/eclipse/persistence/org.eclipse.persistence.jpa/2.5.0-SNAPSHOT/org.eclipse.persistence.jpa-2.5.0-SNAPSHOT.jar:/Users/tonybrouwer/.m2/repository/org/eclipse/persistence/org.eclipse.persistence.antlr/2.5.0-SNAPSHOT/org.eclipse.persistence.antlr-2.5.0-SNAPSHOT.jar:/Users/tonybrouwer/.m2/repository/org/eclipse/persistence/org.eclipse.persistence.jpa.jpql/2.5.0-SNAPSHOT/org.eclipse.persistence.jpa.jpql-2.5.0-SNAPSHOT.jar:/Users/tonybrouwer/.m2/repository/javax/javaee-web-api/7.0/javaee-web-api-7.0.jar:/Users/tonybrouwer/.m2/repository/org/primefaces/themes/all-themes/1.0.10/all-themes-1.0.10.jar:/Users/tonybrouwer/.m2/repository/org/apache/maven/plugins/maven-surefire-plugin/2.16/maven-surefire-plugin-2.16.jar:/Users/tonybrouwer/.m2/repository/org/apache/maven/maven-plugin-api/2.0.9/maven-plugin-api-2.0.9.jar:/Users/tonybrouwer/.m2/repository/org/apache/maven/surefire/maven-surefire-common/2.16/maven-surefire-common-2.16.jar:/Users/tonybrouwer/.m2/repository/org/apache/maven/surefire/surefire-booter/2.16/surefire-booter-2.16.jar:/Users/tonybrouwer/.m2/repository/org/apache/maven/maven-artifact/2.0.9/maven-artifact-2.0.9.jar:/Users/tonybrouwer/.m2/repository/org/codehaus/plexus/plexus-utils/1.5.1/plexus-utils-1.5.1.jar:/Users/tonybrouwer/.m2/repository/org/apache/maven/maven-plugin-descriptor/2.0.9/maven-plugin-descriptor-2.0.9.jar:/Users/tonybrouwer/.m2/repository/org/codehaus/plexus/plexus-container-default/1.0-alpha-9-stable-1/plexus-container-default-1.0-alpha-9-stable-1.jar:/Users/tonybrouwer/.m2/repository/org/apache/maven/maven-project/2.0.9/maven-project-2.0.9.jar:/Users/tonybrouwer/.m2/repository/org/apache/maven/maven-settings/2.0.9/maven-settings-2.0.9.jar:/Users/tonybrouwer/.m2/repository/org/apache/maven/maven-profile/2.0.9/maven-profile-2.0.9.jar:/Users/tonybrouwer/.m2/repository/org/apache/maven/maven-artifact-manager/2.0.9/maven-artifact-manager-2.0.9.jar:/Users/tonybrouwer/.m2/repository/org/apache/maven/maven-plugin-registry/2.0.9/maven-plugin-registry-2.0.9.jar:/Users/tonybrouwer/.m2/repository/org/apache/maven/maven-model/2.0.9/maven-model-2.0.9.jar:/Users/tonybrouwer/.m2/repository/org/apache/maven/maven-core/2.0.9/maven-core-2.0.9.jar:/Users/tonybrouwer/.m2/repository/org/apache/maven/maven-plugin-parameter-documenter/2.0.9/maven-plugin-parameter-documenter-2.0.9.jar:/Users/tonybrouwer/.m2/repository/org/apache/maven/reporting/maven-reporting-api/2.0.9/maven-reporting-api-2.0.9.jar:/Users/tonybrouwer/.m2/repository/org/apache/maven/wagon/wagon-provider-api/1.0-beta-2/wagon-provider-api-1.0-beta-2.jar:/Users/tonybrouwer/.m2/repository/org/apache/maven/maven-repository-metadata/2.0.9/maven-repository-metadata-2.0.9.jar:/Users/tonybrouwer/.m2/repository/org/apache/maven/maven-error-diagnostics/2.0.9/maven-error-diagnostics-2.0.9.jar:/Users/tonybrouwer/.m2/repository/org/apache/maven/maven-monitor/2.0.9/maven-monitor-2.0.9.jar:/Users/tonybrouwer/.m2/repository/classworlds/classworlds/1.1/classworlds-1.1.jar:/Users/tonybrouwer/.m2/repository/org/apache/commons/commons-lang3/3.1/commons-lang3-3.1.jar:/Users/tonybrouwer/.m2/repository/org/apache/maven/surefire/surefire-api/2.16/surefire-api-2.16.jar:/Users/tonybrouwer/.m2/repository/org/apache/maven/maven-toolchain/2.0.9/maven-toolchain-2.0.9.jar:/Users/tonybrouwer/.m2/repository/org/apache/maven/plugin-tools/maven-plugin-annotations/3.2/maven-plugin-annotations-3.2.jar:/Users/tonybrouwer/.m2/repository/junit/junit/4.10/junit-4.10.jar:/Users/tonybrouwer/.m2/repository/org/hamcrest/hamcrest-core/1.1/hamcrest-core-1.1.jar:/Users/tonybrouwer/.m2/repository/commons-lang/commons-lang/2.3/commons-lang-2.3.jar:/Users/tonybrouwer/.m2/repository/org/jboss/arquillian/junit/arquillian-junit-container/1.0.0.CR6/arquillian-junit-container-1.0.0.CR6.jar:/Users/tonybrouwer/.m2/repository/org/jboss/arquillian/junit/arquillian-junit-core/1.0.0.CR6/arquillian-junit-core-1.0.0.CR6.jar:/Users/tonybrouwer/.m2/repository/org/jboss/arquillian/test/arquillian-test-api/1.0.0.CR6/arquillian-test-api-1.0.0.CR6.jar:/Users/tonybrouwer/.m2/repository/org/jboss/arquillian/core/arquillian-core-api/1.0.0.CR6/arquillian-core-api-1.0.0.CR6.jar:/Users/tonybrouwer/.m2/repository/org/jboss/arquillian/test/arquillian-test-spi/1.0.0.CR6/arquillian-test-spi-1.0.0.CR6.jar:/Users/tonybrouwer/.m2/repository/org/jboss/arquillian/core/arquillian-core-spi/1.0.0.CR6/arquillian-core-spi-1.0.0.CR6.jar:/Users/tonybrouwer/.m2/repository/org/jboss/shrinkwrap/shrinkwrap-api/1.0.0-cr-1/shrinkwrap-api-1.0.0-cr-1.jar:/Users/tonybrouwer/.m2/repository/org/jboss/arquillian/container/arquillian-container-test-api/1.0.0.CR6/arquillian-container-test-api-1.0.0.CR6.jar:/Users/tonybrouwer/.m2/repository/org/jboss/arquillian/container/arquillian-container-test-spi/1.0.0.CR6/arquillian-container-test-spi-1.0.0.CR6.jar:/Users/tonybrouwer/.m2/repository/org/jboss/arquillian/core/arquillian-core-impl-base/1.0.0.CR6/arquillian-core-impl-base-1.0.0.CR6.jar:/Users/tonybrouwer/.m2/repository/org/jboss/arquillian/test/arquillian-test-impl-base/1.0.0.CR6/arquillian-test-impl-base-1.0.0.CR6.jar:/Users/tonybrouwer/.m2/repository/org/jboss/arquillian/container/arquillian-container-impl-base/1.0.0.CR6/arquillian-container-impl-base-1.0.0.CR6.jar:/Users/tonybrouwer/.m2/repository/org/jboss/arquillian/config/arquillian-config-api/1.0.0.CR6/arquillian-config-api-1.0.0.CR6.jar:/Users/tonybrouwer/.m2/repository/org/jboss/shrinkwrap/descriptors/shrinkwrap-descriptors-api/1.1.0-beta-1/shrinkwrap-descriptors-api-1.1.0-beta-1.jar:/Users/tonybrouwer/.m2/repository/org/jboss/arquillian/config/arquillian-config-impl-base/1.0.0.CR6/arquillian-config-impl-base-1.0.0.CR6.jar:/Users/tonybrouwer/.m2/repository/org/jboss/arquillian/container/arquillian-container-test-impl-base/1.0.0.CR6/arquillian-container-test-impl-base-1.0.0.CR6.jar:/Users/tonybrouwer/.m2/repository/org/jboss/shrinkwrap/shrinkwrap-impl-base/1.0.0-cr-1/shrinkwrap-impl-base-1.0.0-cr-1.jar:/Users/tonybrouwer/.m2/repository/org/jboss/shrinkwrap/shrinkwrap-spi/1.0.0-cr-1/shrinkwrap-spi-1.0.0-cr-1.jar:/Users/tonybrouwer/.m2/repository/org/jboss/arquillian/container/arquillian-glassfish-embedded-3.1/1.0.0.CR4/arquillian-glassfish-embedded-3.1-1.0.0.CR4.jar:/Users/tonybrouwer/.m2/repository/org/jboss/arquillian/container/arquillian-container-spi/1.0.0.Final/arquillian-container-spi-1.0.0.Final.jar:/Users/tonybrouwer/.m2/repository/org/jboss/shrinkwrap/descriptors/shrinkwrap-descriptors-api-base/2.0.0-alpha-2/shrinkwrap-descriptors-api-base-2.0.0-alpha-2.jar:/Users/tonybrouwer/.m2/repository/org/jboss/arquillian/protocol/arquillian-protocol-servlet/1.0.0.Final/arquillian-protocol-servlet-1.0.0.Final.jar:/Users/tonybrouwer/.m2/repository/org/jboss/shrinkwrap/descriptors/shrinkwrap-descriptors-spi/2.0.0-alpha-2/shrinkwrap-descriptors-spi-2.0.0-alpha-2.jar:/Users/tonybrouwer/.m2/repository/org/jboss/arquillian/testenricher/arquillian-testenricher-cdi/1.0.0.Final/arquillian-testenricher-cdi-1.0.0.Final.jar:/Users/tonybrouwer/.m2/repository/org/jboss/arquillian/testenricher/arquillian-testenricher-ejb/1.0.0.Final/arquillian-testenricher-ejb-1.0.0.Final.jar:/Users/tonybrouwer/.m2/repository/org/jboss/arquillian/testenricher/arquillian-testenricher-resource/1.0.0.Final/arquillian-testenricher-resource-1.0.0.Final.jar:/Users/tonybrouwer/.m2/repository/org/jboss/arquillian/testenricher/arquillian-testenricher-initialcontext/1.0.0.Final/arquillian-testenricher-initialcontext-1.0.0.Final.jar:"/>
    <property name="org.glassfish.jms.InitializeOnDemand" value="true"/>
    <property name="org.glassfish.embeddable.installRoot" value="/Applications/NetBeans/glassfish-4.0/glassfish"/>
    <property name="java.vm.specification.name" value="Java Virtual Machine Specification"/>
    <property name="java.vm.specification.version" value="1.7"/>
    <property name="javax.rmi.CORBA.PortableRemoteObjectClass" value="com.sun.corba.ee.impl.javax.rmi.PortableRemoteObject"/>
    <property name="catalina.home" value="/var/folders/s4/q52_84650v15c2xcfw5827yh0000gn/T/gfembed8550612494747428257tmp"/>
    <property name="sun.os.patch.level" value="unknown"/>
    <property name="sun.cpu.endian" value="little"/>
    <property name="surefire.test.class.path" value="/Users/tonybrouwer/dev/html5/dailysales/target/test-classes:/Users/tonybrouwer/dev/html5/dailysales/target/classes:/Applications/NetBeans/glassfish-4.0/glassfish/lib/embedded/glassfish-embedded-static-shell.jar:/Users/tonybrouwer/.m2/repository/org/slf4j/slf4j-api/1.6.4/slf4j-api-1.6.4.jar:/Users/tonybrouwer/.m2/repository/ch/qos/logback/logback-classic/1.0.1/logback-classic-1.0.1.jar:/Users/tonybrouwer/.m2/repository/ch/qos/logback/logback-core/1.0.1/logback-core-1.0.1.jar:/Users/tonybrouwer/.m2/repository/org/primefaces/primefaces/3.5/primefaces-3.5.jar:/Users/tonybrouwer/.m2/repository/commons-fileupload/commons-fileupload/1.3/commons-fileupload-1.3.jar:/Users/tonybrouwer/.m2/repository/commons-io/commons-io/2.2/commons-io-2.2.jar:/Users/tonybrouwer/.m2/repository/org/eclipse/persistence/eclipselink/2.5.0-SNAPSHOT/eclipselink-2.5.0-SNAPSHOT.jar:/Users/tonybrouwer/.m2/repository/org/eclipse/persistence/javax.persistence/2.1.0-SNAPSHOT/javax.persistence-2.1.0-SNAPSHOT.jar:/Users/tonybrouwer/.m2/repository/org/eclipse/persistence/commonj.sdo/2.1.1/commonj.sdo-2.1.1.jar:/Users/tonybrouwer/.m2/repository/org/eclipse/persistence/org.eclipse.persistence.jpa.modelgen.processor/2.5.0-SNAPSHOT/org.eclipse.persistence.jpa.modelgen.processor-2.5.0-SNAPSHOT.jar:/Users/tonybrouwer/.m2/repository/org/eclipse/persistence/org.eclipse.persistence.core/2.5.0-SNAPSHOT/org.eclipse.persistence.core-2.5.0-SNAPSHOT.jar:/Users/tonybrouwer/.m2/repository/org/eclipse/persistence/org.eclipse.persistence.asm/2.5.0-SNAPSHOT/org.eclipse.persistence.asm-2.5.0-SNAPSHOT.jar:/Users/tonybrouwer/.m2/repository/org/eclipse/persistence/org.eclipse.persistence.jpa/2.5.0-SNAPSHOT/org.eclipse.persistence.jpa-2.5.0-SNAPSHOT.jar:/Users/tonybrouwer/.m2/repository/org/eclipse/persistence/org.eclipse.persistence.antlr/2.5.0-SNAPSHOT/org.eclipse.persistence.antlr-2.5.0-SNAPSHOT.jar:/Users/tonybrouwer/.m2/repository/org/eclipse/persistence/org.eclipse.persistence.jpa.jpql/2.5.0-SNAPSHOT/org.eclipse.persistence.jpa.jpql-2.5.0-SNAPSHOT.jar:/Users/tonybrouwer/.m2/repository/javax/javaee-web-api/7.0/javaee-web-api-7.0.jar:/Users/tonybrouwer/.m2/repository/org/primefaces/themes/all-themes/1.0.10/all-themes-1.0.10.jar:/Users/tonybrouwer/.m2/repository/org/apache/maven/plugins/maven-surefire-plugin/2.16/maven-surefire-plugin-2.16.jar:/Users/tonybrouwer/.m2/repository/org/apache/maven/maven-plugin-api/2.0.9/maven-plugin-api-2.0.9.jar:/Users/tonybrouwer/.m2/repository/org/apache/maven/surefire/maven-surefire-common/2.16/maven-surefire-common-2.16.jar:/Users/tonybrouwer/.m2/repository/org/apache/maven/surefire/surefire-booter/2.16/surefire-booter-2.16.jar:/Users/tonybrouwer/.m2/repository/org/apache/maven/maven-artifact/2.0.9/maven-artifact-2.0.9.jar:/Users/tonybrouwer/.m2/repository/org/codehaus/plexus/plexus-utils/1.5.1/plexus-utils-1.5.1.jar:/Users/tonybrouwer/.m2/repository/org/apache/maven/maven-plugin-descriptor/2.0.9/maven-plugin-descriptor-2.0.9.jar:/Users/tonybrouwer/.m2/repository/org/codehaus/plexus/plexus-container-default/1.0-alpha-9-stable-1/plexus-container-default-1.0-alpha-9-stable-1.jar:/Users/tonybrouwer/.m2/repository/org/apache/maven/maven-project/2.0.9/maven-project-2.0.9.jar:/Users/tonybrouwer/.m2/repository/org/apache/maven/maven-settings/2.0.9/maven-settings-2.0.9.jar:/Users/tonybrouwer/.m2/repository/org/apache/maven/maven-profile/2.0.9/maven-profile-2.0.9.jar:/Users/tonybrouwer/.m2/repository/org/apache/maven/maven-artifact-manager/2.0.9/maven-artifact-manager-2.0.9.jar:/Users/tonybrouwer/.m2/repository/org/apache/maven/maven-plugin-registry/2.0.9/maven-plugin-registry-2.0.9.jar:/Users/tonybrouwer/.m2/repository/org/apache/maven/maven-model/2.0.9/maven-model-2.0.9.jar:/Users/tonybrouwer/.m2/repository/org/apache/maven/maven-core/2.0.9/maven-core-2.0.9.jar:/Users/tonybrouwer/.m2/repository/org/apache/maven/maven-plugin-parameter-documenter/2.0.9/maven-plugin-parameter-documenter-2.0.9.jar:/Users/tonybrouwer/.m2/repository/org/apache/maven/reporting/maven-reporting-api/2.0.9/maven-reporting-api-2.0.9.jar:/Users/tonybrouwer/.m2/repository/org/apache/maven/wagon/wagon-provider-api/1.0-beta-2/wagon-provider-api-1.0-beta-2.jar:/Users/tonybrouwer/.m2/repository/org/apache/maven/maven-repository-metadata/2.0.9/maven-repository-metadata-2.0.9.jar:/Users/tonybrouwer/.m2/repository/org/apache/maven/maven-error-diagnostics/2.0.9/maven-error-diagnostics-2.0.9.jar:/Users/tonybrouwer/.m2/repository/org/apache/maven/maven-monitor/2.0.9/maven-monitor-2.0.9.jar:/Users/tonybrouwer/.m2/repository/classworlds/classworlds/1.1/classworlds-1.1.jar:/Users/tonybrouwer/.m2/repository/org/apache/commons/commons-lang3/3.1/commons-lang3-3.1.jar:/Users/tonybrouwer/.m2/repository/org/apache/maven/surefire/surefire-api/2.16/surefire-api-2.16.jar:/Users/tonybrouwer/.m2/repository/org/apache/maven/maven-toolchain/2.0.9/maven-toolchain-2.0.9.jar:/Users/tonybrouwer/.m2/repository/org/apache/maven/plugin-tools/maven-plugin-annotations/3.2/maven-plugin-annotations-3.2.jar:/Users/tonybrouwer/.m2/repository/junit/junit/4.10/junit-4.10.jar:/Users/tonybrouwer/.m2/repository/org/hamcrest/hamcrest-core/1.1/hamcrest-core-1.1.jar:/Users/tonybrouwer/.m2/repository/commons-lang/commons-lang/2.3/commons-lang-2.3.jar:/Users/tonybrouwer/.m2/repository/org/jboss/arquillian/junit/arquillian-junit-container/1.0.0.CR6/arquillian-junit-container-1.0.0.CR6.jar:/Users/tonybrouwer/.m2/repository/org/jboss/arquillian/junit/arquillian-junit-core/1.0.0.CR6/arquillian-junit-core-1.0.0.CR6.jar:/Users/tonybrouwer/.m2/repository/org/jboss/arquillian/test/arquillian-test-api/1.0.0.CR6/arquillian-test-api-1.0.0.CR6.jar:/Users/tonybrouwer/.m2/repository/org/jboss/arquillian/core/arquillian-core-api/1.0.0.CR6/arquillian-core-api-1.0.0.CR6.jar:/Users/tonybrouwer/.m2/repository/org/jboss/arquillian/test/arquillian-test-spi/1.0.0.CR6/arquillian-test-spi-1.0.0.CR6.jar:/Users/tonybrouwer/.m2/repository/org/jboss/arquillian/core/arquillian-core-spi/1.0.0.CR6/arquillian-core-spi-1.0.0.CR6.jar:/Users/tonybrouwer/.m2/repository/org/jboss/shrinkwrap/shrinkwrap-api/1.0.0-cr-1/shrinkwrap-api-1.0.0-cr-1.jar:/Users/tonybrouwer/.m2/repository/org/jboss/arquillian/container/arquillian-container-test-api/1.0.0.CR6/arquillian-container-test-api-1.0.0.CR6.jar:/Users/tonybrouwer/.m2/repository/org/jboss/arquillian/container/arquillian-container-test-spi/1.0.0.CR6/arquillian-container-test-spi-1.0.0.CR6.jar:/Users/tonybrouwer/.m2/repository/org/jboss/arquillian/core/arquillian-core-impl-base/1.0.0.CR6/arquillian-core-impl-base-1.0.0.CR6.jar:/Users/tonybrouwer/.m2/repository/org/jboss/arquillian/test/arquillian-test-impl-base/1.0.0.CR6/arquillian-test-impl-base-1.0.0.CR6.jar:/Users/tonybrouwer/.m2/repository/org/jboss/arquillian/container/arquillian-container-impl-base/1.0.0.CR6/arquillian-container-impl-base-1.0.0.CR6.jar:/Users/tonybrouwer/.m2/repository/org/jboss/arquillian/config/arquillian-config-api/1.0.0.CR6/arquillian-config-api-1.0.0.CR6.jar:/Users/tonybrouwer/.m2/repository/org/jboss/shrinkwrap/descriptors/shrinkwrap-descriptors-api/1.1.0-beta-1/shrinkwrap-descriptors-api-1.1.0-beta-1.jar:/Users/tonybrouwer/.m2/repository/org/jboss/arquillian/config/arquillian-config-impl-base/1.0.0.CR6/arquillian-config-impl-base-1.0.0.CR6.jar:/Users/tonybrouwer/.m2/repository/org/jboss/arquillian/container/arquillian-container-test-impl-base/1.0.0.CR6/arquillian-container-test-impl-base-1.0.0.CR6.jar:/Users/tonybrouwer/.m2/repository/org/jboss/shrinkwrap/shrinkwrap-impl-base/1.0.0-cr-1/shrinkwrap-impl-base-1.0.0-cr-1.jar:/Users/tonybrouwer/.m2/repository/org/jboss/shrinkwrap/shrinkwrap-spi/1.0.0-cr-1/shrinkwrap-spi-1.0.0-cr-1.jar:/Users/tonybrouwer/.m2/repository/org/jboss/arquillian/container/arquillian-glassfish-embedded-3.1/1.0.0.CR4/arquillian-glassfish-embedded-3.1-1.0.0.CR4.jar:/Users/tonybrouwer/.m2/repository/org/jboss/arquillian/container/arquillian-container-spi/1.0.0.Final/arquillian-container-spi-1.0.0.Final.jar:/Users/tonybrouwer/.m2/repository/org/jboss/shrinkwrap/descriptors/shrinkwrap-descriptors-api-base/2.0.0-alpha-2/shrinkwrap-descriptors-api-base-2.0.0-alpha-2.jar:/Users/tonybrouwer/.m2/repository/org/jboss/arquillian/protocol/arquillian-protocol-servlet/1.0.0.Final/arquillian-protocol-servlet-1.0.0.Final.jar:/Users/tonybrouwer/.m2/repository/org/jboss/shrinkwrap/descriptors/shrinkwrap-descriptors-spi/2.0.0-alpha-2/shrinkwrap-descriptors-spi-2.0.0-alpha-2.jar:/Users/tonybrouwer/.m2/repository/org/jboss/arquillian/testenricher/arquillian-testenricher-cdi/1.0.0.Final/arquillian-testenricher-cdi-1.0.0.Final.jar:/Users/tonybrouwer/.m2/repository/org/jboss/arquillian/testenricher/arquillian-testenricher-ejb/1.0.0.Final/arquillian-testenricher-ejb-1.0.0.Final.jar:/Users/tonybrouwer/.m2/repository/org/jboss/arquillian/testenricher/arquillian-testenricher-resource/1.0.0.Final/arquillian-testenricher-resource-1.0.0.Final.jar:/Users/tonybrouwer/.m2/repository/org/jboss/arquillian/testenricher/arquillian-testenricher-initialcontext/1.0.0.Final/arquillian-testenricher-initialcontext-1.0.0.Final.jar:"/>
    <property name="java.io.tmpdir" value="/var/folders/s4/q52_84650v15c2xcfw5827yh0000gn/T/"/>
    <property name="com.sun.aas.imqLib" value="/Applications/NetBeans/glassfish-4.0/mq/lib"/>
    <property name="java.vendor.url.bug" value="http://bugreport.sun.com/bugreport/"/>
    <property name="com.sun.aas.domainsRoot" value="/Applications/NetBeans/glassfish-4.0/glassfish/domains"/>
    <property name="java.awt.graphicsenv" value="sun.awt.CGraphicsEnvironment"/>
    <property name="os.arch" value="x86_64"/>
    <property name="java.ext.dirs" value="/Users/tonybrouwer/Library/Java/Extensions:/Library/Java/JavaVirtualMachines/jdk1.7.0_40.jdk/Contents/Home/jre/lib/ext:/Library/Java/Extensions:/Network/Library/Java/Extensions:/System/Library/Java/Extensions:/usr/lib/java"/>
    <property name="user.dir" value="/Users/tonybrouwer/dev/html5/dailysales"/>
    <property name="com.sun.aas.instanceRoot" value="/var/folders/s4/q52_84650v15c2xcfw5827yh0000gn/T/gfembed8550612494747428257tmp"/>
    <property name="line.separator" value="
"/>
    <property name="java.vm.name" value="Java HotSpot(TM) 64-Bit Server VM"/>
    <property name="java.net.useSystemProxies" value="true"/>
    <property name="glassfish.version" value="GlassFish Server Open Source Edition  4.0  (build 89)"/>
    <property name="basedir" value="/Users/tonybrouwer/dev/html5/dailysales"/>
    <property name="file.encoding" value="UTF-8"/>
    <property name="org.omg.CORBA.ORBClass" value="com.sun.corba.ee.impl.orb.ORBImpl"/>
    <property name="java.specification.version" value="1.7"/>
    <property name="javax.net.ssl.trustStore" value="/var/folders/s4/q52_84650v15c2xcfw5827yh0000gn/T/gfembed8550612494747428257tmp/config/cacerts.jks"/>
  </properties>
  <testcase time="0" classname="com.brouwersystems.control.StoreFacadeIT" name="com.brouwersystems.control.StoreFacadeIT">
    <skipped/>
  </testcase>
</testsuite>